This is pdfTeX, Version 3.14159265-2.6-1.40.20 (TeX Live 2019/Debian) (preloaded format=pdflatex 2020.9.29)  17 MAY 2021 02:27
entering extended mode
 restricted \write18 enabled.
 %&-line parsing enabled.
**LLS_Vorlage_Richtlinien.tex
(./LLS_Vorlage_Richtlinien.tex
LaTeX2e <2020-02-02> patch level 2
L3 programming layer <2020-02-14>
(/usr/share/texlive/texmf-dist/tex/latex/koma-script/scrreprt.cls
Document Class: scrreprt 2020/01/24 v3.29 KOMA-Script document class (report)
(/usr/share/texlive/texmf-dist/tex/latex/koma-script/scrkbase.sty
Package: scrkbase 2020/01/24 v3.29 KOMA-Script package (KOMA-Script-dependent b
asics and keyval usage)

(/usr/share/texlive/texmf-dist/tex/latex/koma-script/scrbase.sty
Package: scrbase 2020/01/24 v3.29 KOMA-Script package (KOMA-Script-independent 
basics and keyval usage)

(/usr/share/texlive/texmf-dist/tex/latex/graphics/keyval.sty
Package: keyval 2014/10/28 v1.15 key=value parser (DPC)
\KV@toks@=\toks14
)
(/usr/share/texlive/texmf-dist/tex/latex/koma-script/scrlfile.sty
Package: scrlfile 2020/01/24 v3.29 KOMA-Script package (loading files)
)))
(/usr/share/texlive/texmf-dist/tex/latex/koma-script/tocbasic.sty
Package: tocbasic 2020/01/24 v3.29 KOMA-Script package (handling toc-files)
\scr@dte@tocline@numberwidth=\skip47
\scr@dte@tocline@numbox=\box45
)
Package tocbasic Info: omitting babel extension for `toc'
(tocbasic)             because of feature `nobabel' available
(tocbasic)             for `toc' on input line 137.
Package scrreprt Info: You've used standard option `11pt'.
(scrreprt)             This is correct!
(scrreprt)             Internally I'm using `fontsize=11pt'.
(scrreprt)             If you'd like to set the option with \KOMAoptions,
(scrreprt)             you'd have to use `fontsize=11pt' there
(scrreprt)             instead of `11pt', too.


Class scrreprt Warning: You've used obsolete option `pointlessnumbers'.
(scrreprt)              Usage of this option indicates an old document
(scrreprt)              and changes compatibility level using
(scrreprt)              `numbers=noenddot,version=first,
(scrreprt)              enabledeprecatedfontcommands' that may result
(scrreprt)              in further warnings.
(scrreprt)              If you don't want this, you should simply
(scrreprt)              replace option `pointlessnumbers' by `numbers=noenddot'
.

Class scrreprt Info: Switching compatibility level to `first'.

Class scrreprt Warning: deprecated option `enabledeprecatedfontcommands'.
(scrreprt)              Note, that this option was already depreacted when
(scrreprt)              it has been defined. Support for old font commands
(scrreprt)              has been removed from KOMA-Script more than one
(scrreprt)              decade ago. It is not recommended to use them any
(scrreprt)              longer. Therefore usage of this class option also
(scrreprt)              is not recommended.

Class scrreprt Info: File `scrsize11pt.clo' used to setup font sizes on input l
ine 2421.
(/usr/share/texlive/texmf-dist/tex/latex/koma-script/scrsize11pt.clo
File: scrsize11pt.clo 2020/01/24 v3.29 KOMA-Script font size class option (11pt
)
)
(/usr/share/texlive/texmf-dist/tex/latex/koma-script/typearea.sty
Package: typearea 2020/01/24 v3.29 KOMA-Script package (type area)
\ta@bcor=\skip48
\ta@div=\count167
Package typearea Info: You've used standard option `a4paper'.
(typearea)             This is correct!
(typearea)             Internally I'm using `paper=a4'.
(typearea)             If you'd like to set the option with \KOMAoptions,
(typearea)             you'd have to use `paper=a4' there
(typearea)             instead of `a4paper', too.
\ta@hblk=\skip49
\ta@vblk=\skip50
\ta@temp=\skip51
\footheight=\skip52
Package typearea Info: These are the values describing the layout:
(typearea)             DIV  = 10
(typearea)             BCOR = 0.0pt
(typearea)             \paperwidth      = 597.50793pt
(typearea)              \textwidth      = 418.25555pt
(typearea)              DIV departure   = -6%
(typearea)              \evensidemargin = 17.3562pt
(typearea)              \oddsidemargin  = 17.3562pt
(typearea)             \paperheight     = 845.04694pt
(typearea)              \textheight     = 595.80026pt
(typearea)              \topmargin      = -25.16531pt
(typearea)              \headheight     = 17.0pt
(typearea)              \headsep        = 20.40001pt
(typearea)              \topskip        = 11.0pt
(typearea)              \footskip       = 47.6pt
(typearea)              \baselineskip   = 13.6pt
(typearea)              on input line 1719.
)
\c@part=\count168
\c@chapter=\count169
\c@section=\count170
\c@subsection=\count171
\c@subsubsection=\count172
\c@paragraph=\count173
\c@subparagraph=\count174
\scr@dte@chapter@maxnumwidth=\skip53
Class scrreprt Info: using compatibility default `afterindent=bysign'
(scrreprt)           for `\chapter on input line 5547.
\scr@dte@section@maxnumwidth=\skip54
Class scrreprt Info: using compatibility default `runin=bysign'
(scrreprt)           for `\section on input line 5557.
Class scrreprt Info: using compatibility default `afterindent=bysign'
(scrreprt)           for `\section on input line 5557.
\scr@dte@part@maxnumwidth=\skip55
Class scrreprt Info: using compatibility default `afterindent=true'
(scrreprt)           for `\part on input line 5566.
\scr@dte@subsection@maxnumwidth=\skip56
Class scrreprt Info: using compatibility default `runin=bysign'
(scrreprt)           for `\subsection on input line 5576.
Class scrreprt Info: using compatibility default `afterindent=bysign'
(scrreprt)           for `\subsection on input line 5576.
\scr@dte@subsubsection@maxnumwidth=\skip57
Class scrreprt Info: using compatibility default `runin=bysign'
(scrreprt)           for `\subsubsection on input line 5586.
Class scrreprt Info: using compatibility default `afterindent=bysign'
(scrreprt)           for `\subsubsection on input line 5586.
\scr@dte@paragraph@maxnumwidth=\skip58
Class scrreprt Info: using compatibility default `runin=bysign'
(scrreprt)           for `\paragraph on input line 5596.
Class scrreprt Info: using compatibility default `afterindent=bysign'
(scrreprt)           for `\paragraph on input line 5596.
\scr@dte@subparagraph@maxnumwidth=\skip59
Class scrreprt Info: using compatibility default `runin=bysign'
(scrreprt)           for `\subparagraph on input line 5606.
Class scrreprt Info: using compatibility default `afterindent=bysign'
(scrreprt)           for `\subparagraph on input line 5606.
\abovecaptionskip=\skip60
\belowcaptionskip=\skip61
\c@pti@nb@sid@b@x=\box46
Package tocbasic Info: omitting babel extension for `lof'
(tocbasic)             because of feature `nobabel' available
(tocbasic)             for `lof' on input line 6842.
\scr@dte@figure@maxnumwidth=\skip62
\c@figure=\count175
Package tocbasic Info: omitting babel extension for `lot'
(tocbasic)             because of feature `nobabel' available
(tocbasic)             for `lot' on input line 6859.
\scr@dte@table@maxnumwidth=\skip63
\c@table=\count176
Class scrreprt Info: Using old \@makefntext due to compatibility level
(scrreprt)           less than 3.22 on input line 7015.
Class scrreprt Info: Redefining `\numberline' on input line 7028.
\bibindent=\dimen134
)
(./Praeambel_eng.tex (/usr/share/texlive/texmf-dist/tex/latex/base/inputenc.sty
Package: inputenc 2018/08/11 v1.3c Input encoding file
\inpenc@prehook=\toks15
\inpenc@posthook=\toks16
) (/usr/share/texlive/texmf-dist/tex/generic/babel/babel.sty
Package: babel 2020/02/14 3.40 The Babel package

(/usr/share/texlive/texmf-dist/tex/generic/babel/switch.def
File: switch.def 2020/02/14 3.40 Babel switching mechanism
)
(/usr/share/texlive/texmf-dist/tex/generic/babel-english/english.ldf
Language: english 2017/06/06 v3.3r English support from the babel system

(/usr/share/texlive/texmf-dist/tex/generic/babel/babel.def
File: babel.def 2020/02/14 3.40 Babel common definitions
\babel@savecnt=\count177
\U@D=\dimen135

(/usr/share/texlive/texmf-dist/tex/generic/babel/txtbabel.def)
\bbl@readstream=\read2
\bbl@dirlevel=\count178
)
Package babel Info: \l@british = using hyphenrules for english
(babel)             (\language0) on input line 82.
Package babel Info: \l@UKenglish = using hyphenrules for english
(babel)             (\language0) on input line 83.
Package babel Info: \l@canadian = using hyphenrules for english
(babel)             (\language0) on input line 102.
Package babel Info: \l@australian = using hyphenrules for english
(babel)             (\language0) on input line 105.
Package babel Info: \l@newzealand = using hyphenrules for english
(babel)             (\language0) on input line 108.
))
(/usr/share/texlive/texmf-dist/tex/latex/base/fontenc.sty
Package: fontenc 2020/02/11 v2.0o Standard LaTeX package
)
(/usr/share/texlive/texmf-dist/tex/latex/psnfss/helvet.sty
Package: helvet 2005/04/12 PSNFSS-v9.2a (WaS) 
)
(/usr/share/texlive/texmf-dist/tex/latex/units/nicefrac.sty
Package: nicefrac 1998/08/04 v0.9b Nice fractions
\L@UnitsRaiseDisplaystyle=\skip64
\L@UnitsRaiseTextstyle=\skip65
\L@UnitsRaiseScriptstyle=\skip66

(/usr/share/texlive/texmf-dist/tex/latex/base/ifthen.sty
Package: ifthen 2014/09/29 v1.1c Standard LaTeX ifthen package (DPC)
))
(/usr/share/texlive/texmf-dist/tex/generic/alphalph/alphalph.sty
Package: alphalph 2019/12/09 v2.6 Convert numbers to letters (HO)

(/usr/share/texlive/texmf-dist/tex/generic/infwarerr/infwarerr.sty
Package: infwarerr 2019/12/03 v1.5 Providing info/warning/error messages (HO)
)
(/usr/share/texlive/texmf-dist/tex/generic/intcalc/intcalc.sty
Package: intcalc 2019/12/15 v1.3 Expandable calculations with integers (HO)
))
(/usr/share/texlive/texmf-dist/tex/latex/tools/array.sty
Package: array 2019/08/31 v2.4l Tabular extension package (FMi)
\col@sep=\dimen136
\ar@mcellbox=\box47
\extrarowheight=\dimen137
\NC@list=\toks17
\extratabsurround=\skip67
\backup@length=\skip68
\ar@cellbox=\box48
)
(/usr/share/texlive/texmf-dist/tex/latex/amsfonts/amssymb.sty
Package: amssymb 2013/01/14 v3.01 AMS font symbols

(/usr/share/texlive/texmf-dist/tex/latex/amsfonts/amsfonts.sty
Package: amsfonts 2013/01/14 v3.01 Basic AMSFonts support
\@emptytoks=\toks18
\symAMSa=\mathgroup4
\symAMSb=\mathgroup5
LaTeX Font Info:    Redeclaring math symbol \hbar on input line 98.
LaTeX Font Info:    Overwriting math alphabet `\mathfrak' in version `bold'
(Font)                  U/euf/m/n --> U/euf/b/n on input line 106.
))
(/usr/share/texlive/texmf-dist/tex/latex/amsmath/amsmath.sty
Package: amsmath 2020/01/20 v2.17e AMS math features
\@mathmargin=\skip69

For additional information on amsmath, use the `?' option.
(/usr/share/texlive/texmf-dist/tex/latex/amsmath/amstext.sty
Package: amstext 2000/06/29 v2.01 AMS text

(/usr/share/texlive/texmf-dist/tex/latex/amsmath/amsgen.sty
File: amsgen.sty 1999/11/30 v2.0 generic functions
\@emptytoks=\toks19
\ex@=\dimen138
))
(/usr/share/texlive/texmf-dist/tex/latex/amsmath/amsbsy.sty
Package: amsbsy 1999/11/29 v1.2d Bold Symbols
\pmbraise@=\dimen139
)
(/usr/share/texlive/texmf-dist/tex/latex/amsmath/amsopn.sty
Package: amsopn 2016/03/08 v2.02 operator names
)
\inf@bad=\count179
LaTeX Info: Redefining \frac on input line 227.
\uproot@=\count180
\leftroot@=\count181
LaTeX Info: Redefining \overline on input line 389.
\classnum@=\count182
\DOTSCASE@=\count183
LaTeX Info: Redefining \ldots on input line 486.
LaTeX Info: Redefining \dots on input line 489.
LaTeX Info: Redefining \cdots on input line 610.
\Mathstrutbox@=\box49
\strutbox@=\box50
\big@size=\dimen140
LaTeX Font Info:    Redeclaring font encoding OML on input line 733.
LaTeX Font Info:    Redeclaring font encoding OMS on input line 734.
\macc@depth=\count184
\c@MaxMatrixCols=\count185
\dotsspace@=\muskip16
\c@parentequation=\count186
\dspbrk@lvl=\count187
\tag@help=\toks20
\row@=\count188
\column@=\count189
\maxfields@=\count190
\andhelp@=\toks21
\eqnshift@=\dimen141
\alignsep@=\dimen142
\tagshift@=\dimen143
\tagwidth@=\dimen144
\totwidth@=\dimen145
\lineht@=\dimen146
\@envbody=\toks22
\multlinegap=\skip70
\multlinetaggap=\skip71
\mathdisplay@stack=\toks23
LaTeX Info: Redefining \[ on input line 2859.
LaTeX Info: Redefining \] on input line 2860.
)
(/usr/share/texlive/texmf-dist/tex/latex/amscls/amsthm.sty
Package: amsthm 2017/10/31 v2.20.4
\thm@style=\toks24
\thm@bodyfont=\toks25
\thm@headfont=\toks26
\thm@notefont=\toks27
\thm@headpunct=\toks28
\thm@preskip=\skip72
\thm@postskip=\skip73
\thm@headsep=\skip74
\dth@everypar=\toks29
)
(/usr/share/texlive/texmf-dist/tex/latex/xpatch/xpatch.sty
(/usr/share/texlive/texmf-dist/tex/latex/l3kernel/expl3.sty
Package: expl3 2020-02-14 L3 programming layer (loader) 

(/usr/share/texlive/texmf-dist/tex/latex/l3backend/l3backend-pdfmode.def
File: l3backend-pdfmode.def 2020-02-03 L3 backend support: PDF mode
\l__kernel_color_stack_int=\count191
\l__pdf_internal_box=\box51
))
Package: xpatch 2012/10/02 v0.3 Extending etoolbox patching commands

(/usr/share/texlive/texmf-dist/tex/latex/l3packages/xparse/xparse.sty
Package: xparse 2020-02-14 L3 Experimental document command parser
\l__xparse_current_arg_int=\count192
\g__xparse_grabber_int=\count193
\l__xparse_m_args_int=\count194
\l__xparse_v_nesting_int=\count195
)
(/usr/share/texlive/texmf-dist/tex/latex/etoolbox/etoolbox.sty
Package: etoolbox 2019/09/21 v2.5h e-TeX tools for LaTeX (JAW)
\etb@tempcnta=\count196
))
Class scrreprt Info: amsthm's \deferred@thm@head patched.

(/usr/share/texlive/texmf-dist/tex/latex/threeparttable/threeparttable.sty
Package: threeparttable 2003/06/13  v 3.0
\@tempboxb=\box52
)
(/usr/share/texlive/texmf-dist/tex/latex/caption/caption.sty
Package: caption 2020/01/03 v3.4h Customizing captions (AR)

(/usr/share/texlive/texmf-dist/tex/latex/caption/caption3.sty
Package: caption3 2020/01/03 v1.8h caption3 kernel (AR)
Package caption3 Info: TeX engine: e-TeX on input line 61.
\captionmargin=\dimen147
\captionmargin@=\dimen148
\captionwidth=\dimen149
\caption@tempdima=\dimen150
\caption@indent=\dimen151
\caption@parindent=\dimen152
\caption@hangindent=\dimen153
Package caption Info: KOMA-Script document class detected.
)
Package caption Info: KOMA-Script document class.
\c@caption@flags=\count197
\c@continuedfloat=\count198
Package caption Info: threeparttable package is loaded.
)

Class scrreprt Warning: Usage of package `tocloft' together
(scrreprt)              with a KOMA-Script class is not recommended.
(scrreprt)              I'd suggest to use options like `listof=entryprefix',
(scrreprt)              commands like `\listoflofentryname' or
(scrreprt)              `\listoflotentryname', and `\DeclareTOCStyleEntry' or
(scrreprt)              `\RedeclareSectionCommand' instead of this package,
(scrreprt)              because it breaks several KOMA-Script features of
(scrreprt)              the list of figures, list of tables and table of
(scrreprt)              contents, i.e., options like `listof=numbered',
(scrreprt)              `listof=flat or `toc=flat', commands like
(scrreprt)              `\BeforeTOCHead{...}' and `\AfterTOCHead{...}',
(scrreprt)              `\BeforeStartingTOC{...}' and \AfterStartingTOC{...}',
(scrreprt)              all features of `\DeclareTOCStyleEntry',
(scrreprt)              and the ToC entry features of `\DeclareSecionCommand'
(scrreprt)              and `\RedeclareSectionCommand' of levels
(scrreprt)              `part', `section', `subsection',
(scrreprt)              `subsubsection', `paragraph' and `subparagraph'.
(scrreprt)              Nevertheless, using requested
(scrreprt)              package `tocloft' on input line 19.

(/usr/share/texlive/texmf-dist/tex/latex/tocloft/tocloft.sty
Package: tocloft 2017/08/31 v2.3i parameterised ToC, etc., typesetting
Package tocloft Info: The document has chapter divisions on input line 51.
\cftparskip=\skip75
\cftbeforetoctitleskip=\skip76
\cftaftertoctitleskip=\skip77
\cftbeforepartskip=\skip78
\cftpartnumwidth=\skip79
\cftpartindent=\skip80
\cftbeforechapskip=\skip81
\cftchapindent=\skip82
\cftchapnumwidth=\skip83
\cftbeforesecskip=\skip84
\cftsecindent=\skip85
\cftsecnumwidth=\skip86
\cftbeforesubsecskip=\skip87
\cftsubsecindent=\skip88
\cftsubsecnumwidth=\skip89
\cftbeforesubsubsecskip=\skip90
\cftsubsubsecindent=\skip91
\cftsubsubsecnumwidth=\skip92
\cftbeforeparaskip=\skip93
\cftparaindent=\skip94
\cftparanumwidth=\skip95
\cftbeforesubparaskip=\skip96
\cftsubparaindent=\skip97
\cftsubparanumwidth=\skip98
\cftbeforeloftitleskip=\skip99
\cftafterloftitleskip=\skip100
\cftbeforefigskip=\skip101
\cftfigindent=\skip102
\cftfignumwidth=\skip103
\c@lofdepth=\count199
\c@lotdepth=\count266
\cftbeforelottitleskip=\skip104
\cftafterlottitleskip=\skip105
\cftbeforetabskip=\skip106
\cfttabindent=\skip107
\cfttabnumwidth=\skip108
)
(/usr/share/texlive/texmf-dist/tex/latex/booktabs/booktabs.sty
Package: booktabs 2020/01/12 v1.61803398 Publication quality tables
\heavyrulewidth=\dimen154
\lightrulewidth=\dimen155
\cmidrulewidth=\dimen156
\belowrulesep=\dimen157
\belowbottomsep=\dimen158
\aboverulesep=\dimen159
\abovetopsep=\dimen160
\cmidrulesep=\dimen161
\cmidrulekern=\dimen162
\defaultaddspace=\dimen163
\@cmidla=\count267
\@cmidlb=\count268
\@aboverulesep=\dimen164
\@belowrulesep=\dimen165
\@thisruleclass=\count269
\@lastruleclass=\count270
\@thisrulewidth=\dimen166
)
(/usr/share/texlive/texmf-dist/tex/latex/enumitem/enumitem.sty
Package: enumitem 2019/06/20 v3.9 Customized lists
\labelindent=\skip109
\enit@outerparindent=\dimen167
\enit@toks=\toks30
\enit@inbox=\box53
\enit@count@id=\count271
\enitdp@description=\count272
)
(/usr/share/texlive/texmf-dist/tex/latex/geometry/geometry.sty
Package: geometry 2020/01/02 v5.9 Page Geometry

(/usr/share/texlive/texmf-dist/tex/generic/iftex/ifvtex.sty
Package: ifvtex 2019/10/25 v1.7 ifvtex legacy package. Use iftex instead.

(/usr/share/texlive/texmf-dist/tex/generic/iftex/iftex.sty
Package: iftex 2019/11/07 v1.0c TeX engine tests
))
\Gm@cnth=\count273
\Gm@cntv=\count274
\c@Gm@tempcnt=\count275
\Gm@bindingoffset=\dimen168
\Gm@wd@mp=\dimen169
\Gm@odd@mp=\dimen170
\Gm@even@mp=\dimen171
\Gm@layoutwidth=\dimen172
\Gm@layoutheight=\dimen173
\Gm@layouthoffset=\dimen174
\Gm@layoutvoffset=\dimen175
\Gm@dimlist=\toks31
)
(/usr/share/texlive/texmf-dist/tex/latex/siunitx/siunitx.sty
Package: siunitx 2020/01/15 v2.7u A comprehensive (SI) units package

(/usr/share/texlive/texmf-dist/tex/latex/l3packages/l3keys2e/l3keys2e.sty
Package: l3keys2e 2020-02-14 LaTeX2e option processing using LaTeX3 keys
)
\l__siunitx_tmp_box=\box54
\l__siunitx_tmp_dim=\dimen176
\l__siunitx_tmp_int=\count276
\l__siunitx_number_mantissa_length_int=\count277
\l__siunitx_number_uncert_length_int=\count278
\l__siunitx_round_int=\count279
\l__siunitx_process_decimal_int=\count280
\l__siunitx_process_uncertainty_int=\count281
\l__siunitx_process_fixed_int=\count282
\l__siunitx_process_integer_min_int=\count283
\l__siunitx_process_precision_int=\count284
\l__siunitx_group_min_int=\count285
\l__siunitx_angle_marker_box=\box55
\l__siunitx_angle_unit_box=\box56
\l__siunitx_angle_marker_dim=\dimen177
\l__siunitx_angle_unit_dim=\dimen178
\l__siunitx_unit_int=\count286
\l__siunitx_unit_denominator_int=\count287
\l__siunitx_unit_numerator_int=\count288
\l__siunitx_unit_prefix_int=\count289
\l__siunitx_unit_prefix_base_int=\count290
\l__siunitx_unit_prefix_gram_int=\count291
\l__siunitx_number_product_int=\count292
\c__siunitx_one_fill_skip=\skip110
\l__siunitx_table_unit_align_skip=\skip111
\l__siunitx_table_exponent_dim=\dimen179
\l__siunitx_table_integer_dim=\dimen180
\l__siunitx_table_mantissa_dim=\dimen181
\l__siunitx_table_marker_dim=\dimen182
\l__siunitx_table_result_dim=\dimen183
\l__siunitx_table_uncert_dim=\dimen184
\l__siunitx_table_fill_pre_dim=\dimen185
\l__siunitx_table_fill_post_dim=\dimen186
\l__siunitx_table_fill_mid_dim=\dimen187
\l__siunitx_table_pre_box=\box57
\l__siunitx_table_post_box=\box58
\l__siunitx_table_mantissa_box=\box59
\l__siunitx_table_result_box=\box60
\l__siunitx_table_number_align_skip=\skip112
\l__siunitx_table_text_align_skip=\skip113

(/usr/share/texlive/texmf-dist/tex/latex/translator/translator.sty
Package: translator 2019-05-31 v1.12a Easy translation of strings in LaTeX
))
(/usr/share/texlive/texmf-dist/tex/latex/graphics/color.sty
Package: color 2019/11/23 v1.2a Standard LaTeX Color (DPC)

(/usr/share/texlive/texmf-dist/tex/latex/graphics-cfg/color.cfg
File: color.cfg 2016/01/02 v1.6 sample color configuration
)
Package color Info: Driver file: pdftex.def on input line 147.

(/usr/share/texlive/texmf-dist/tex/latex/graphics-def/pdftex.def
File: pdftex.def 2018/01/08 v1.0l Graphics/color driver for pdftex
))
(/usr/share/texlive/texmf-dist/tex/latex/colortbl/colortbl.sty
Package: colortbl 2020/01/04 v1.0e Color table columns (DPC)
\everycr=\toks32
\minrowclearance=\skip114
)
(/usr/share/texlive/texmf-dist/tex/latex/setspace/setspace.sty
Package: setspace 2011/12/19 v6.7a set line spacing
)
(/usr/share/texlive/texmf-dist/tex/latex/multirow/multirow.sty
Package: multirow 2019/05/31 v2.5 Span multiple rows of a table
\multirow@colwidth=\skip115
\multirow@cntb=\count293
\multirow@dima=\skip116
\bigstrutjot=\dimen188
)
(/usr/share/texlive/texmf-dist/tex/latex/chngcntr/chngcntr.sty
Package: chngcntr 2018/04/09 v1.1a change counter resetting
Package chngcntr Info: \counterwithout already defined.
(chngcntr)             Quitting chngcntr on input line 21.
)
(/usr/share/texlive/texmf-dist/tex/latex/natbib/natbib.sty
Package: natbib 2010/09/13 8.31b (PWD, AO)
\bibhang=\skip117
\bibsep=\skip118
LaTeX Info: Redefining \cite on input line 694.
\c@NAT@ctr=\count294
)
(/usr/share/texlive/texmf-dist/tex/latex/graphics/graphicx.sty
Package: graphicx 2019/11/30 v1.2a Enhanced LaTeX Graphics (DPC,SPQR)

(/usr/share/texlive/texmf-dist/tex/latex/graphics/graphics.sty
Package: graphics 2019/11/30 v1.4a Standard LaTeX Graphics (DPC,SPQR)

(/usr/share/texlive/texmf-dist/tex/latex/graphics/trig.sty
Package: trig 2016/01/03 v1.10 sin cos tan (DPC)
)
(/usr/share/texlive/texmf-dist/tex/latex/graphics-cfg/graphics.cfg
File: graphics.cfg 2016/06/04 v1.11 sample graphics configuration
)
Package graphics Info: Driver file: pdftex.def on input line 105.
)
\Gin@req@height=\dimen189
\Gin@req@width=\dimen190
)
(/usr/share/texlive/texmf-dist/tex/latex/epstopdf-pkg/epstopdf.sty
Package: epstopdf 2020-01-24 v2.11 Conversion with epstopdf on the fly (HO)

(/usr/share/texlive/texmf-dist/tex/latex/grfext/grfext.sty
Package: grfext 2019/12/03 v1.3 Manage graphics extensions (HO)

(/usr/share/texlive/texmf-dist/tex/generic/kvdefinekeys/kvdefinekeys.sty
Package: kvdefinekeys 2019-12-19 v1.6 Define keys (HO)
))
(/usr/share/texlive/texmf-dist/tex/latex/kvoptions/kvoptions.sty
Package: kvoptions 2019/11/29 v3.13 Key value format for package options (HO)

(/usr/share/texlive/texmf-dist/tex/generic/ltxcmds/ltxcmds.sty
Package: ltxcmds 2019/12/15 v1.24 LaTeX kernel commands for general use (HO)
)
(/usr/share/texlive/texmf-dist/tex/generic/kvsetkeys/kvsetkeys.sty
Package: kvsetkeys 2019/12/15 v1.18 Key value parser (HO)
))
(/usr/share/texlive/texmf-dist/tex/latex/pdftexcmds/pdftexcmds.sty
Package: pdftexcmds 2019/11/24 v0.31 Utility functions of pdfTeX for LuaTeX (HO
)
Package pdftexcmds Info: \pdf@primitive is available.
Package pdftexcmds Info: \pdf@ifprimitive is available.
Package pdftexcmds Info: \pdfdraftmode found.
)
(/usr/share/texlive/texmf-dist/tex/latex/epstopdf-pkg/epstopdf-base.sty
Package: epstopdf-base 2020-01-24 v2.11 Base part for package epstopdf
Package epstopdf-base Info: Redefining graphics rule for `.eps' on input line 4
85.
Package grfext Info: Graphics extension search list:
(grfext)             [.pdf,.png,.jpg,.mps,.jpeg,.jbig2,.jb2,.PDF,.PNG,.JPG,.JPE
G,.JBIG2,.JB2,.eps]
(grfext)             \AppendGraphicsExtensions on input line 504.

(/usr/share/texlive/texmf-dist/tex/latex/latexconfig/epstopdf-sys.cfg
File: epstopdf-sys.cfg 2010/07/13 v1.3 Configuration of (r)epstopdf for TeX Liv
e
)))
(/usr/share/texlive/texmf-dist/tex/latex/url/url.sty
\Urlmuskip=\muskip17
Package: url 2013/09/16  ver 3.4  Verb mode for urls, etc.
)
(/usr/share/texlive/texmf-dist/tex/latex/hyperref/hyperref.sty
Package: hyperref 2020/01/14 v7.00d Hypertext links for LaTeX

(/usr/share/texlive/texmf-dist/tex/generic/pdfescape/pdfescape.sty
Package: pdfescape 2019/12/09 v1.15 Implements pdfTeX's escape features (HO)
)
(/usr/share/texlive/texmf-dist/tex/latex/hycolor/hycolor.sty
Package: hycolor 2020-01-27 v1.10 Color options for hyperref/bookmark (HO)
)
(/usr/share/texlive/texmf-dist/tex/latex/letltxmacro/letltxmacro.sty
Package: letltxmacro 2019/12/03 v1.6 Let assignment for LaTeX macros (HO)
)
(/usr/share/texlive/texmf-dist/tex/latex/auxhook/auxhook.sty
Package: auxhook 2019-12-17 v1.6 Hooks for auxiliary files (HO)
)
\@linkdim=\dimen191
\Hy@linkcounter=\count295
\Hy@pagecounter=\count296

(/usr/share/texlive/texmf-dist/tex/latex/hyperref/pd1enc.def
File: pd1enc.def 2020/01/14 v7.00d Hyperref: PDFDocEncoding definition (HO)
Now handling font encoding PD1 ...
... no UTF-8 mapping file for font encoding PD1
)
(/usr/share/texlive/texmf-dist/tex/generic/etexcmds/etexcmds.sty
Package: etexcmds 2019/12/15 v1.7 Avoid name clashes with e-TeX commands (HO)
)
\Hy@SavedSpaceFactor=\count297
\pdfmajorversion=\count298
Package hyperref Info: Hyper figures OFF on input line 4547.
Package hyperref Info: Link nesting OFF on input line 4552.
Package hyperref Info: Hyper index ON on input line 4555.
Package hyperref Info: Plain pages OFF on input line 4562.
Package hyperref Info: Backreferencing OFF on input line 4567.
Package hyperref Info: Implicit mode ON; LaTeX internals redefined.
Package hyperref Info: Bookmarks ON on input line 4800.
\c@Hy@tempcnt=\count299
LaTeX Info: Redefining \url on input line 5159.
\XeTeXLinkMargin=\dimen192

(/usr/share/texlive/texmf-dist/tex/generic/bitset/bitset.sty
Package: bitset 2019/12/09 v1.3 Handle bit-vector datatype (HO)

(/usr/share/texlive/texmf-dist/tex/generic/bigintcalc/bigintcalc.sty
Package: bigintcalc 2019/12/15 v1.5 Expandable calculations on big integers (HO
)
))
\Fld@menulength=\count300
\Field@Width=\dimen193
\Fld@charsize=\dimen194
Package hyperref Info: Hyper figures OFF on input line 6430.
Package hyperref Info: Link nesting OFF on input line 6435.
Package hyperref Info: Hyper index ON on input line 6438.
Package hyperref Info: backreferencing OFF on input line 6445.
Package hyperref Info: Link coloring OFF on input line 6450.
Package hyperref Info: Link coloring with OCG OFF on input line 6455.
Package hyperref Info: PDF/A mode OFF on input line 6460.
LaTeX Info: Redefining \ref on input line 6500.
LaTeX Info: Redefining \pageref on input line 6504.

(/usr/share/texlive/texmf-dist/tex/generic/atbegshi/atbegshi.sty
Package: atbegshi 2019/12/05 v1.19 At begin shipout hook (HO)
)
\Hy@abspage=\count301
\c@Item=\count302
\c@Hfootnote=\count303
)
Package hyperref Info: Driver (autodetected): hpdftex.

(/usr/share/texlive/texmf-dist/tex/latex/hyperref/hpdftex.def
File: hpdftex.def 2020/01/14 v7.00d Hyperref driver for pdfTeX

(/usr/share/texlive/texmf-dist/tex/latex/atveryend/atveryend.sty
Package: atveryend 2019-12-11 v1.11 Hooks at the very end of document (HO)
)
\Fld@listcount=\count304
\c@bookmark@seq@number=\count305

(/usr/share/texlive/texmf-dist/tex/latex/rerunfilecheck/rerunfilecheck.sty
Package: rerunfilecheck 2019/12/05 v1.9 Rerun checks for auxiliary files (HO)

(/usr/share/texlive/texmf-dist/tex/generic/uniquecounter/uniquecounter.sty
Package: uniquecounter 2019/12/15 v1.4 Provide unlimited unique counter (HO)
)
Package uniquecounter Info: New unique counter `rerunfilecheck' on input line 2
86.
)
\Hy@SectionHShift=\skip119
)
(/usr/share/texlive/texmf-dist/tex/latex/titlesec/titlesec.sty
Package: titlesec 2019/10/16 v2.13 Sectioning titles
\ttl@box=\box61
\beforetitleunit=\skip120
\aftertitleunit=\skip121
\ttl@plus=\dimen195
\ttl@minus=\dimen196
\ttl@toksa=\toks33
\titlewidth=\dimen197
\titlewidthlast=\dimen198
\titlewidthfirst=\dimen199


Package titlesec Warning: Non standard sectioning command \section
(titlesec)                detected. Using default spacing and no format.


Package titlesec Warning: Non standard sectioning command \subsection
(titlesec)                detected. Using default spacing and no format.


Package titlesec Warning: Non standard sectioning command \subsubsection
(titlesec)                detected. Using default spacing and no format.


Package titlesec Warning: Non standard sectioning command \paragraph
(titlesec)                detected. Using default spacing and no format.


Package titlesec Warning: Non standard sectioning command \subparagraph
(titlesec)                detected. Using default spacing and no format.

)
Class scrreprt Info: Unknown `titesec' release.
(scrreprt)           Cross your fingers, that is compatible on input line 34.
 (/usr/share/texlive/texmf-dist/tex/latex/appendix/appendix.sty
Package: appendix 2020/02/08 v1.2c extra appendix facilities
\c@@pps=\count306
\c@@ppsavesec=\count307
\c@@ppsaveapp=\count308
)
(/usr/share/texlive/texmf-dist/tex/latex/listings/listings.sty
\lst@mode=\count309
\lst@gtempboxa=\box62
\lst@token=\toks34
\lst@length=\count310
\lst@currlwidth=\dimen256
\lst@column=\count311
\lst@pos=\count312
\lst@lostspace=\dimen257
\lst@width=\dimen258
\lst@newlines=\count313
\lst@lineno=\count314
\lst@maxwidth=\dimen259

(/usr/share/texlive/texmf-dist/tex/latex/listings/lstmisc.sty
File: lstmisc.sty 2019/09/10 1.8c (Carsten Heinz)
\c@lstnumber=\count315
\lst@skipnumbers=\count316
\lst@framebox=\box63
)
(/usr/share/texlive/texmf-dist/tex/latex/listings/listings.cfg
File: listings.cfg 2019/09/10 1.8c listings configuration
))
Package: listings 2019/09/10 1.8c (Carsten Heinz)

(/usr/share/texlive/texmf-dist/tex/latex/nomencl/nomencl.sty
Package: nomencl 2019/11/23 v5.3 Nomenclature package

(/usr/share/texlive/texmf-dist/tex/latex/xkeyval/xkeyval.sty
Package: xkeyval 2014/12/03 v2.7a package option processing (HA)

(/usr/share/texlive/texmf-dist/tex/generic/xkeyval/xkeyval.tex
(/usr/share/texlive/texmf-dist/tex/generic/xkeyval/xkvutils.tex
\XKV@toks=\toks35
\XKV@tempa@toks=\toks36
)
\XKV@depth=\count317
File: xkeyval.tex 2014/12/03 v2.7a key=value parser (HA)
))
Package tocbasic Info: setting babel extension for `nlo' on input line 163.
Package tocbasic Info: setting babel extension for `nls' on input line 164.
\nomlabelwidth=\dimen260
\nom@tempdim=\dimen261
\nomitemsep=\skip122
)

Class scrreprt Warning: Usage of package `fancyhdr' together
(scrreprt)              with a KOMA-Script class is not recommended.
(scrreprt)              I'd suggest to use 
(scrreprt)              package `scrlayer' or `scrlayer-scrpage', because
(scrreprt)              they support KOMA-Script classes.
(scrreprt)              With `fancyhdr' several features of class `scrreprt'
(scrreprt)              like options `headsepline', `footsepline' or command
(scrreprt)              `\MakeMarkcase' and the commands `\setkomafont' and
(scrreprt)              `\addtokomafont' for the page style elements need
(scrreprt)              explicite user intervention to work.
(scrreprt)              Nevertheless, using requested
(scrreprt)              package `fancyhdr' on input line 39.

(/usr/share/texlive/texmf-dist/tex/latex/fancyhdr/fancyhdr.sty
Package: fancyhdr 2019/01/31 v3.10 Extensive control of page headers and footer
s
\f@nch@headwidth=\skip123
\f@nch@O@elh=\skip124
\f@nch@O@erh=\skip125
\f@nch@O@olh=\skip126
\f@nch@O@orh=\skip127
\f@nch@O@elf=\skip128
\f@nch@O@erf=\skip129
\f@nch@O@olf=\skip130
\f@nch@O@orf=\skip131
)
(/usr/share/texlive/texmf-dist/tex/latex/algorithms/algorithm.sty
Package: algorithm 2009/08/24 v0.1 Document Style `algorithm' - floating enviro
nment

(/usr/share/texlive/texmf-dist/tex/latex/float/float.sty
Package: float 2001/11/08 v1.3d Float enhancements (AL)
\c@float@type=\count318
\float@exts=\toks37
\float@box=\box64
\@float@everytoks=\toks38
\@floatcapt=\box65
)
\@float@every@algorithm=\toks39
\c@algorithm=\count319
)
(/usr/share/texlive/texmf-dist/tex/latex/algorithmicx/algpseudocode.sty
Package: algpseudocode 

(/usr/share/texlive/texmf-dist/tex/latex/algorithmicx/algorithmicx.sty
Package: algorithmicx 2005/04/27 v1.2 Algorithmicx

Document Style algorithmicx 1.2 - a greatly improved `algorithmic' style
\c@ALG@line=\count320
\c@ALG@rem=\count321
\c@ALG@nested=\count322
\ALG@tlm=\skip132
\ALG@thistlm=\skip133
\c@ALG@Lnr=\count323
\c@ALG@blocknr=\count324
\c@ALG@storecount=\count325
\c@ALG@tmpcounter=\count326
\ALG@tmplength=\skip134
)
Document Style - pseudocode environments for use with the `algorithmicx' style
) (/usr/share/texlive/texmf-dist/tex/latex/tabto-ltx/tabto.sty
Package: tabto 2018/12/28  v 1.4  Another tabbing mechanism
\CurrentLineWidth=\dimen262
\TabPrevPos=\dimen263
)

Class scrreprt Warning: Usage of package `parskip' together
(scrreprt)              with a KOMA-Script class is not recommended.
(scrreprt)              I'd suggest to use option
(scrreprt)              `parskip' with one of it's several values.
(scrreprt)              Nevertheless, using requested
(scrreprt)              package `parskip' on input line 43.

(/usr/share/texlive/texmf-dist/tex/latex/parskip/parskip.sty
Package: parskip 2020-01-22 v2.0d non-zero parskip adjustments

Couldn't patch \@startsection
) (/usr/share/texlive/texmf-dist/tex/latex/textpos/textpos.sty
Package: textpos 2019/04/15 v1.9.1

Package: textpos 2019/04/15 1.9.1, absolute positioning of text on the page
(/usr/share/texlive/texmf-dist/tex/latex/ms/everyshi.sty
Package: everyshi 2001/05/15 v3.00 EveryShipout Package (MS)
)
\TP@textbox=\box66
\TP@holdbox=\box67
\TPHorizModule=\dimen264
\TPVertModule=\dimen265
\TP@margin=\dimen266
\TP@absmargin=\dimen267

Grid set 16 x 16 = 37.34424pt x 52.81541pt
\TPboxrulesize=\dimen268
\TP@ox=\dimen269
\TP@oy=\dimen270
\TP@tbargs=\toks40
\TP@prevdepth=\dimen271
TextBlockOrigin set to 0pt x 0pt
)
LaTeX Info: Redefining \bf on input line 51.
\nomgroupstartsep=\skip135
\nomintermsep=\skip136
\@nomenclaturefile=\write3
\openout3 = `LLS_Vorlage_Richtlinien.nlo'.

Package nomencl Info: Writing nomenclature file LLS_Vorlage_Richtlinien.nlo on 
input line 118.
Package hyperref Info: Option `colorlinks' set `true' on input line 121.
) (./LLS_Vorlage_Richtlinien.aux)
\openout1 = `LLS_Vorlage_Richtlinien.aux'.

LaTeX Font Info:    Checking defaults for OML/cmm/m/it on input line 27.
LaTeX Font Info:    ... okay on input line 27.
LaTeX Font Info:    Checking defaults for OMS/cmsy/m/n on input line 27.
LaTeX Font Info:    ... okay on input line 27.
LaTeX Font Info:    Checking defaults for OT1/cmr/m/n on input line 27.
LaTeX Font Info:    ... okay on input line 27.
LaTeX Font Info:    Checking defaults for T1/cmr/m/n on input line 27.
LaTeX Font Info:    ... okay on input line 27.
LaTeX Font Info:    Checking defaults for TS1/cmr/m/n on input line 27.
LaTeX Font Info:    ... okay on input line 27.
LaTeX Font Info:    Checking defaults for OMX/cmex/m/n on input line 27.
LaTeX Font Info:    ... okay on input line 27.
LaTeX Font Info:    Checking defaults for U/cmr/m/n on input line 27.
LaTeX Font Info:    ... okay on input line 27.
LaTeX Font Info:    Checking defaults for PD1/pdf/m/n on input line 27.
LaTeX Font Info:    ... okay on input line 27.
LaTeX Font Info:    Trying to load font information for T1+phv on input line 27
.

(/usr/share/texlive/texmf-dist/tex/latex/psnfss/t1phv.fd
File: t1phv.fd 2001/06/04 scalable font definitions for T1/phv.
)
LaTeX Font Info:    Font shape `T1/phv/m/n' will be
(Font)              scaled to size 10.40245pt on input line 27.
Package scrbase Info: activating english \contentsname on input line 27.
Package scrbase Info: activating english \listfigurename on input line 27.
Package scrbase Info: activating english \listtablename on input line 27.
Package caption Info: Begin \AtBeginDocument code.
Package caption Info: float package is loaded.
Package caption Info: hyperref package is loaded.
Package caption Info: listings package is loaded.
Package caption Info: End \AtBeginDocument code.

*geometry* driver: auto-detecting
*geometry* detected driver: pdftex
*geometry* verbose mode - [ preamble ] result:
* driver: pdftex
* paper: a4paper
* layout: <same size as paper>
* layoutoffset:(h,v)=(0.0pt,0.0pt)
* modes: 
* h-part:(L,W,R)=(99.58464pt, 426.79135pt, 71.13188pt)
* v-part:(T,H,B)=(85.35826pt, 660.10394pt, 99.58464pt)
* \paperwidth=597.50787pt
* \paperheight=845.04684pt
* \textwidth=426.79135pt
* \textheight=660.10394pt
* \oddsidemargin=27.31465pt
* \evensidemargin=27.31465pt
* \topmargin=-35.20975pt
* \headheight=17.0pt
* \headsep=31.29802pt
* \topskip=11.0pt
* \footskip=59.75078pt
* \marginparwidth=59.7508pt
* \marginparsep=12.8401pt
* \columnsep=10.0pt
* \skip\footins=10.0pt plus 4.0pt minus 2.0pt
* \hoffset=0.0pt
* \voffset=0.0pt
* \mag=1000
* \@twocolumnfalse
* \@twosidefalse
* \@mparswitchfalse
* \@reversemarginfalse
* (1in=72.27pt=25.4mm, 1cm=28.453pt)


(/usr/share/texlive/texmf-dist/tex/latex/translator/translator-basic-dictionary
-English.dict
Dictionary: translator-basic-dictionary, Language: English 
)
(/usr/share/texlive/texmf-dist/tex/latex/siunitx/siunitx-abbreviations.cfg
File: siunitx-abbreviations.cfg 2017/11/26 v2.7k siunitx: Abbreviated units
)
(/usr/share/texlive/texmf-dist/tex/context/base/mkii/supp-pdf.mkii
[Loading MPS to PDF converter (version 2006.09.02).]
\scratchcounter=\count327
\scratchdimen=\dimen272
\scratchbox=\box68
\nofMPsegments=\count328
\nofMParguments=\count329
\everyMPshowfont=\toks41
\MPscratchCnt=\count330
\MPscratchDim=\dimen273
\MPnumerator=\count331
\makeMPintoPDFobject=\count332
\everyMPtoPDFconversion=\toks42
)
\AtBeginShipoutBox=\box69
Package hyperref Info: Link coloring ON on input line 27.
 (/usr/share/texlive/texmf-dist/tex/latex/hyperref/nameref.sty
Package: nameref 2019/09/16 v2.46 Cross-referencing by name of section

(/usr/share/texlive/texmf-dist/tex/latex/refcount/refcount.sty
Package: refcount 2019/12/15 v3.6 Data extraction from label references (HO)
)
(/usr/share/texlive/texmf-dist/tex/generic/gettitlestring/gettitlestring.sty
Package: gettitlestring 2019/12/15 v1.6 Cleanup title references (HO)
)
\c@section@level=\count333
)
LaTeX Info: Redefining \ref on input line 27.
LaTeX Info: Redefining \pageref on input line 27.
LaTeX Info: Redefining \nameref on input line 27.

(./LLS_Vorlage_Richtlinien.out) (./LLS_Vorlage_Richtlinien.out)
\@outlinefile=\write4
\openout4 = `LLS_Vorlage_Richtlinien.out'.

Class scrreprt Info: loading recommended package `bookmark'.
(scrreprt)           Using `bookmark' together with `hyperref' is recommended,
(scrreprt)           because of handling of possible bookmark level gaps.
(scrreprt)           You can avoid loading `bookmark' with KOMA-Script option
(scrreprt)           `bookmarkpackage=false' before \begin{document} and
(scrreprt)           you can avoid this message adding:
(scrreprt)             \usepackage{bookmark}
(scrreprt)           before \begin{document} on input line 27.

(/usr/share/texlive/texmf-dist/tex/latex/bookmark/bookmark.sty
Package: bookmark 2019/12/03 v1.28 PDF bookmarks (HO)

(/usr/share/texlive/texmf-dist/tex/latex/bookmark/bkm-pdftex.def
File: bkm-pdftex.def 2019/12/03 v1.28 bookmark driver for pdfTeX (HO)
Package auxhook Info: \AddLineBeginMainAux comes a little late,
(auxhook)             because the main .aux file is already opened on input lin
e 168.
\BKM@id=\count334
))
\c@lstlisting=\count335

Couldn't patch \deferred@thm@head!
ABD: EveryShipout initializing macros
LaTeX Font Info:    Trying to load font information for U+msa on input line 27.


(/usr/share/texlive/texmf-dist/tex/latex/amsfonts/umsa.fd
File: umsa.fd 2013/01/14 v3.01 AMS symbols A
)
LaTeX Font Info:    Trying to load font information for U+msb on input line 27.


(/usr/share/texlive/texmf-dist/tex/latex/amsfonts/umsb.fd
File: umsb.fd 2013/01/14 v3.01 AMS symbols B
)
(./Titelseite_eng.tex
*geometry* verbose mode - [ newgeometry ] result:
* driver: pdftex
* paper: a4paper
* layout: <same size as paper>
* layoutoffset:(h,v)=(0.0pt,0.0pt)
* modes: 
* h-part:(L,W,R)=(56.9055pt, 483.69687pt, 56.9055pt)
* v-part:(T,H,B)=(123.76949pt, 692.82462pt, 28.45274pt)
* \paperwidth=597.50787pt
* \paperheight=845.04684pt
* \textwidth=483.69687pt
* \textheight=692.82462pt
* \oddsidemargin=-15.36449pt
* \evensidemargin=-15.36449pt
* \topmargin=20.20148pt
* \headheight=0.0pt
* \headsep=31.29802pt
* \topskip=11.0pt
* \footskip=0.0pt
* \marginparwidth=59.7508pt
* \marginparsep=12.8401pt
* \columnsep=10.0pt
* \skip\footins=10.0pt plus 4.0pt minus 2.0pt
* \hoffset=0.0pt
* \voffset=0.0pt
* \mag=1000
* \@twocolumnfalse
* \@twosidefalse
* \@mparswitchfalse
* \@reversemarginfalse
* (1in=72.27pt=25.4mm, 1cm=28.453pt)


TextBlockOrigin set to 20mm x 43.5mm
<Abbildungen/LLS_Logo_deu_engl.pdf, id=4, 513.92pt x 93.34875pt>
File: Abbildungen/LLS_Logo_deu_engl.pdf Graphic file (type pdf)
<use Abbildungen/LLS_Logo_deu_engl.pdf>
Package pdftex.def Info: Abbildungen/LLS_Logo_deu_engl.pdf  used on input line 
11.
(pdftex.def)             Requested size: 219.2953pt x 39.83385pt.

Overfull \hbox (165.23508pt too wide) in paragraph at lines 11--12
[][] 
 []

<Abbildungen/Universitaet_Logo_RGB.pdf, id=5, 54.02504pt x 28.452pt>
File: Abbildungen/Universitaet_Logo_RGB.pdf Graphic file (type pdf)
<use Abbildungen/Universitaet_Logo_RGB.pdf>
Package pdftex.def Info: Abbildungen/Universitaet_Logo_RGB.pdf  used on input l
ine 15.
(pdftex.def)             Requested size: 64.83711pt x 34.1433pt.

Overfull \hbox (10.77689pt too wide) in paragraph at lines 15--16
[][] 
 []

LaTeX Font Info:    Font shape `T1/phv/m/n' will be
(Font)              scaled to size 22.79993pt on input line 19.
LaTeX Font Info:    Font shape `T1/phv/b/n' will be
(Font)              scaled to size 22.79993pt on input line 20.

Underfull \hbox (badness 10000) in paragraph at lines 20--21
[]\T1/phv/b/n/24 Large-Scale Three-Dimensional Topol-ogy
 []

LaTeX Font Info:    Font shape `T1/phv/m/n' will be
(Font)              scaled to size 13.29996pt on input line 23.
LaTeX Font Info:    Font shape `T1/phv/b/n' will be
(Font)              scaled to size 13.29996pt on input line 23.
LaTeX Font Info:    Font shape `T1/phv/m/n' will be
(Font)              scaled to size 14.24995pt on input line 27.
LaTeX Font Info:    Font shape `T1/phv/b/n' will be
(Font)              scaled to size 10.40245pt on input line 35.

Overfull \hbox (113.81102pt too wide) in paragraph at lines 35--44
|   [] 
 []


Overfull \hbox (113.81102pt too wide) in paragraph at lines 46--51
|   [] 
 []


Overfull \hbox (113.81102pt too wide) in paragraph at lines 53--57
|   [] 
 []


Overfull \hbox (113.81102pt too wide) in paragraph at lines 59--63
|   [] 
 []

[1{/var/lib/texmf/fonts/map/pdftex/updmap/pdftex.map}


 <./Abbildungen/LLS_Logo_deu_engl.pdf> <./Abbildungen/Universitaet_Logo_RGB.pdf
>])
LaTeX Font Info:    Font shape `T1/phv/m/n' will be
(Font)              scaled to size 13.67995pt on input line 36.
LaTeX Font Info:    Font shape `T1/phv/b/n' will be
(Font)              scaled to size 13.67995pt on input line 36.
LaTeX Font Info:    Font shape `T1/phv/m/n' will be
(Font)              scaled to size 9.49997pt on input line 42.
 [1


] [2

] [3

]
LaTeX Font Info:    Font shape `T1/phv/m/n' will be
(Font)              scaled to size 19.70294pt on input line 61.
LaTeX Font Info:    Font shape `T1/phv/b/n' will be
(Font)              scaled to size 19.70294pt on input line 61.

(./LLS_Vorlage_Richtlinien.toc)
\tf@toc=\write5
\openout5 = `LLS_Vorlage_Richtlinien.toc'.

 [4] (./LLS_Vorlage_Richtlinien.lof)
\tf@lof=\write6
\openout6 = `LLS_Vorlage_Richtlinien.lof'.

 [5]
(./LLS_Vorlage_Richtlinien.lot)
\tf@lot=\write7
\openout7 = `LLS_Vorlage_Richtlinien.lot'.

 [6]
No file LLS_Vorlage_Richtlinien.nls.
(./Einleitung.tex
chapter 1.

Class scrreprt Warning: \float@addtolists detected!
(scrreprt)              Implementation of \float@addtolist became
(scrreprt)              deprecated in KOMA-Script v3.01 2008/11/14 and
(scrreprt)              has been replaced by several more flexible
(scrreprt)              features of package `tocbasic`.
(scrreprt)              Since Version 3.12 support for deprecated
(scrreprt)              \float@addtolist interface has been
(scrreprt)              restricted to only some of the KOMA-Script
(scrreprt)              features and been removed from others.
(scrreprt)              Loading of package `scrhack' may help to
(scrreprt)              avoid this warning, if you are using a
(scrreprt)              a package that still implements the
(scrreprt)              deprecated \float@addtolist interface .


Package natbib Warning: Citation `Goldberg1989' on page 1 undefined on input li
ne 4.


Package natbib Warning: Citation `Le2010' on page 1 undefined on input line 4.

)pdfTeX warning (ext4): destination with the same identifier (name{page.1}) has
 been already used, duplicate ignored
<to be read again> 
                   \relax 
l.95 \newpage
              [1


] (./Stand_der_Technik.tex
chapter 2.
) [2

] (./Inhaltlicher_Teil.tex
chapter 3.
) [3

] (./Zusammenfassung_und_Auchblick.tex
chapter 4.
) [4

]
chapter 5.
LaTeX Font Info:    Font shape `T1/phv/m/n' will be
(Font)              scaled to size 11.39996pt on input line 105.
LaTeX Font Info:    Font shape `T1/phv/b/n' will be
(Font)              scaled to size 11.39996pt on input line 105.
LaTeX Font Info:    Trying to load font information for TS1+phv on input line 1
07.
(/usr/share/texlive/texmf-dist/tex/latex/psnfss/ts1phv.fd
File: ts1phv.fd 2001/06/04 scalable font definitions for TS1/phv.
)
LaTeX Font Info:    Font shape `TS1/phv/m/n' will be
(Font)              scaled to size 10.40245pt on input line 107.
LaTeX Font Info:    Font shape `T1/phv/m/n' will be
(Font)              scaled to size 7.59998pt on input line 108.
LaTeX Font Info:    Font shape `T1/phv/m/n' will be
(Font)              scaled to size 4.74998pt on input line 108.
 [5

]
Underfull \hbox (badness 2617) in paragraph at lines 128--129
[]\T1/phv/m/n/10.95 Grundsätzlich ist eine wis-senschaftliche Ar-beit fol-gen-d
er-maÿen aufge-baut: Ab-stract
 []

[6]

Package natbib Warning: Citation `Raymer' on page 7 undefined on input line 165
.


Package natbib Warning: Citation `AU92' on page 7 undefined on input line 165.


Package natbib Warning: Citation `EFanPaper' on page 7 undefined on input line 
165.


Package natbib Warning: Citation `EFanPaper' on page 7 undefined on input line 
165.


Package natbib Warning: Citation `Raymer' on page 7 undefined on input line 165
.


Package natbib Warning: Citation `EFanProduction' on page 7 undefined on input 
line 165.


Package natbib Warning: Citation `Raymer' on page 7 undefined on input line 167
.


Package natbib Warning: Citation `Raymer' on page 7 undefined on input line 167
.

[7]
LaTeX Font Info:    Font shape `T1/phv/m/n' will be
(Font)              scaled to size 8.54997pt on input line 193.
LaTeX Font Info:    Font shape `T1/phv/m/n' will be
(Font)              scaled to size 5.69998pt on input line 194.
 [8]
<Abbildungen/Triebwerkpruefstand.pdf, id=151, 963.6pt x 542.025pt>
File: Abbildungen/Triebwerkpruefstand.pdf Graphic file (type pdf)
<use Abbildungen/Triebwerkpruefstand.pdf>
Package pdftex.def Info: Abbildungen/Triebwerkpruefstand.pdf  used on input lin
e 229.
(pdftex.def)             Requested size: 426.79135pt x 201.1817pt.
 [9 <./Abbildungen/Triebwerkpruefstand.pdf>] [10]
Package hyperref Info: bookmark level for unknown algorithm defaults to 0 on in
put line 271.
LaTeX Font Info:    Font shape `T1/phv/m/sc' will be
(Font)              scaled to size 10.40245pt on input line 285.

(/usr/share/texlive/texmf-dist/tex/latex/listings/lstlang1.sty
File: lstlang1.sty 2019/09/10 1.8c listings language file
)
Package hyperref Info: bookmark level for unknown lstlisting defaults to 0 on i
nput line 287.
LaTeX Font Info:    Trying to load font information for T1+cmtt on input line 2
87.

(/usr/share/texlive/texmf-dist/tex/latex/base/t1cmtt.fd
File: t1cmtt.fd 2019/12/16 v2.5j Standard LaTeX font definitions
) [11] [12]
chapter 6.
[13

]
chapter 7.

Underfull \hbox (badness 1173) in paragraph at lines 339--340
\T1/phv/m/n/10.95 pro Folie ange-setzt wer-den. Dies hängt stark vom In-halt de
r Folien und der
 []

[14

] (./LLS_Vorlage_Richtlinien.bbl) [15

]
chapter A.
<Anhang/3views_EFan.pdf, id=213, 542.025pt x 963.6pt>
File: Anhang/3views_EFan.pdf Graphic file (type pdf)
<use Anhang/3views_EFan.pdf>
Package pdftex.def Info: Anhang/3views_EFan.pdf  used on input line 396.
(pdftex.def)             Requested size: 213.39568pt x 379.3754pt.

Package natbib Warning: There were undefined citations.

Package atveryend Info: Empty hook `BeforeClearDocument' on input line 405.
[1

 <./Anhang/3views_EFan.pdf>]
Package atveryend Info: Empty hook `AfterLastShipout' on input line 405.
 (./LLS_Vorlage_Richtlinien.aux)
Package atveryend Info: Executing hook `AtVeryEndDocument' on input line 405.
Package atveryend Info: Executing hook `AtEndAfterFileList' on input line 405.
Package rerunfilecheck Info: File `LLS_Vorlage_Richtlinien.out' has not changed
.
(rerunfilecheck)             Checksum: D41D8CD98F00B204E9800998ECF8427E;0.
 ) 
Here is how much of TeX's memory you used:
 20324 strings out of 483107
 358883 string characters out of 5964630
 917117 words of memory out of 5000000
 34878 multiletter control sequences out of 15000+600000
 593124 words of font info for 104 fonts, out of 8000000 for 9000
 59 hyphenation exceptions out of 8191
 51i,19n,97p,10118b,2900s stack positions out of 5000i,500n,10000p,200000b,80000s
 </home/philipp/.texlive2019/texmf-var/fonts/pk/ljfour/jknappen/ec/ectt1095.6
00pk>{/usr/share/texlive/texmf-dist/fonts/enc/dvips/base/8r.enc}</usr/share/tex
live/texmf-dist/fonts/type1/public/amsfonts/cm/cmex10.pfb></usr/share/texlive/t
exmf-dist/fonts/type1/public/amsfonts/cm/cmmi10.pfb></usr/share/texlive/texmf-d
ist/fonts/type1/public/amsfonts/cm/cmmi6.pfb></usr/share/texlive/texmf-dist/fon
ts/type1/public/amsfonts/cm/cmmi8.pfb></usr/share/texlive/texmf-dist/fonts/type
1/public/amsfonts/cm/cmr10.pfb></usr/share/texlive/texmf-dist/fonts/type1/publi
c/amsfonts/cm/cmr8.pfb></usr/share/texlive/texmf-dist/fonts/type1/public/amsfon
ts/cm/cmss10.pfb></usr/share/texlive/texmf-dist/fonts/type1/public/amsfonts/cm/
cmsy10.pfb></usr/share/texlive/texmf-dist/fonts/type1/urw/helvetic/uhvb8a.pfb><
/usr/share/texlive/texmf-dist/fonts/type1/urw/helvetic/uhvr8a.pfb>
Output written on LLS_Vorlage_Richtlinien.pdf (23 pages, 528820 bytes).
PDF statistics:
 392 PDF objects out of 1000 (max. 8388607)
 293 compressed objects within 3 object streams
 65 named destinations out of 1000 (max. 500000)
 225 words of extra memory for PDF output out of 10000 (max. 10000000)

