This is pdfTeX, Version 3.14159265-2.6-1.40.20 (TeX Live 2019/Debian) (preloaded format=pdflatex 2020.9.29)  16 MAR 2021 09:23
entering extended mode
 restricted \write18 enabled.
 %&-line parsing enabled.
**Titelseite_eng.tex
(./Titelseite_eng.tex
LaTeX2e <2020-02-02> patch level 2
L3 programming layer <2020-02-14>
! Undefined control sequence.
l.4 \TabPositions
                 {4cm}
The control sequence at the end of the top line
of your error message was never \def'ed. If you have
misspelled it (e.g., `\hobx'), type `I' and the correct
spelling (e.g., `I\hbox'). Otherwise just continue,
and I'll forget about whatever was undefined.


! LaTeX Error: Missing \begin{document}.

See the LaTeX manual or LaTeX Companion for explanation.
Type  H <return>  for immediate help.
 ...                                              
                                                  
l.4 \TabPositions{4
                   cm}
You're in trouble here.  Try typing  <return>  to proceed.
If that doesn't work, type  X <return>  to quit.

Missing character: There is no 4 in font nullfont!
Missing character: There is no c in font nullfont!
Missing character: There is no m in font nullfont!
! Undefined control sequence.
l.7 \newgeometry
                {top=43.5mm, bottom=10mm, inner=20mm, outer=20mm, foot=0cm, ...
The control sequence at the end of the top line
of your error message was never \def'ed. If you have
misspelled it (e.g., `\hobx'), type `I' and the correct
spelling (e.g., `I\hbox'). Otherwise just continue,
and I'll forget about whatever was undefined.


! LaTeX Error: Missing \begin{document}.

See the LaTeX manual or LaTeX Companion for explanation.
Type  H <return>  for immediate help.
 ...                                              
                                                  
l.7 \newgeometry{t
                  op=43.5mm, bottom=10mm, inner=20mm, outer=20mm, foot=0cm, ...

You're in trouble here.  Try typing  <return>  to proceed.
If that doesn't work, type  X <return>  to quit.

Missing character: There is no t in font nullfont!
Missing character: There is no o in font nullfont!
Missing character: There is no p in font nullfont!
Missing character: There is no = in font nullfont!
Missing character: There is no 4 in font nullfont!
Missing character: There is no 3 in font nullfont!
Missing character: There is no . in font nullfont!
Missing character: There is no 5 in font nullfont!
Missing character: There is no m in font nullfont!
Missing character: There is no m in font nullfont!
Missing character: There is no , in font nullfont!
Missing character: There is no b in font nullfont!
Missing character: There is no o in font nullfont!
Missing character: There is no t in font nullfont!
Missing character: There is no t in font nullfont!
Missing character: There is no o in font nullfont!
Missing character: There is no m in font nullfont!
Missing character: There is no = in font nullfont!
Missing character: There is no 1 in font nullfont!
Missing character: There is no 0 in font nullfont!
Missing character: There is no m in font nullfont!
Missing character: There is no m in font nullfont!
Missing character: There is no , in font nullfont!
Missing character: There is no i in font nullfont!
Missing character: There is no n in font nullfont!
Missing character: There is no n in font nullfont!
Missing character: There is no e in font nullfont!
Missing character: There is no r in font nullfont!
Missing character: There is no = in font nullfont!
Missing character: There is no 2 in font nullfont!
Missing character: There is no 0 in font nullfont!
Missing character: There is no m in font nullfont!
Missing character: There is no m in font nullfont!
Missing character: There is no , in font nullfont!
Missing character: There is no o in font nullfont!
Missing character: There is no u in font nullfont!
Missing character: There is no t in font nullfont!
Missing character: There is no e in font nullfont!
Missing character: There is no r in font nullfont!
Missing character: There is no = in font nullfont!
Missing character: There is no 2 in font nullfont!
Missing character: There is no 0 in font nullfont!
Missing character: There is no m in font nullfont!
Missing character: There is no m in font nullfont!
Missing character: There is no , in font nullfont!
Missing character: There is no f in font nullfont!
Missing character: There is no o in font nullfont!
Missing character: There is no o in font nullfont!
Missing character: There is no t in font nullfont!
Missing character: There is no = in font nullfont!
Missing character: There is no 0 in font nullfont!
Missing character: There is no c in font nullfont!
Missing character: There is no m in font nullfont!
Missing character: There is no , in font nullfont!
Missing character: There is no h in font nullfont!
Missing character: There is no e in font nullfont!
Missing character: There is no a in font nullfont!
Missing character: There is no d in font nullfont!
Missing character: There is no = in font nullfont!
Missing character: There is no 0 in font nullfont!
Missing character: There is no c in font nullfont!
Missing character: There is no m in font nullfont!
! Undefined control sequence.
l.8 \textblockorigin
                    {20mm}{43.5mm} % Ursprung für Positionierung
The control sequence at the end of the top line
of your error message was never \def'ed. If you have
misspelled it (e.g., `\hobx'), type `I' and the correct
spelling (e.g., `I\hbox'). Otherwise just continue,
and I'll forget about whatever was undefined.

Missing character: There is no 2 in font nullfont!
Missing character: There is no 0 in font nullfont!
Missing character: There is no m in font nullfont!
Missing character: There is no m in font nullfont!
Missing character: There is no 4 in font nullfont!
Missing character: There is no 3 in font nullfont!
Missing character: There is no . in font nullfont!
Missing character: There is no 5 in font nullfont!
Missing character: There is no m in font nullfont!
Missing character: There is no m in font nullfont!

! LaTeX Error: Environment textblock* undefined.

See the LaTeX manual or LaTeX Companion for explanation.
Type  H <return>  for immediate help.
 ...                                              
                                                  
l.10 \begin{textblock*}
                       {19mm}(0mm,-25.5mm)
Your command was ignored.
Type  I <command> <return>  to replace it with another command,
or  <return>  to continue without it.


! LaTeX Error: Missing \begin{document}.

See the LaTeX manual or LaTeX Companion for explanation.
Type  H <return>  for immediate help.
 ...                                              
                                                  
l.10 \begin{textblock*}{1
                         9mm}(0mm,-25.5mm)
You're in trouble here.  Try typing  <return>  to proceed.
If that doesn't work, type  X <return>  to quit.

Missing character: There is no 1 in font nullfont!
Missing character: There is no 9 in font nullfont!
Missing character: There is no m in font nullfont!
Missing character: There is no m in font nullfont!
Missing character: There is no ( in font nullfont!
Missing character: There is no 0 in font nullfont!
Missing character: There is no m in font nullfont!
Missing character: There is no m in font nullfont!
Missing character: There is no , in font nullfont!
Missing character: There is no - in font nullfont!
Missing character: There is no 2 in font nullfont!
Missing character: There is no 5 in font nullfont!
Missing character: There is no . in font nullfont!
Missing character: There is no 5 in font nullfont!
Missing character: There is no m in font nullfont!
Missing character: There is no m in font nullfont!
Missing character: There is no ) in font nullfont!
! Undefined control sequence.
l.11 \includegraphics
                     [height = 14mm, keepaspectratio=true]{Abbildungen/LLS_L...
The control sequence at the end of the top line
of your error message was never \def'ed. If you have
misspelled it (e.g., `\hobx'), type `I' and the correct
spelling (e.g., `I\hbox'). Otherwise just continue,
and I'll forget about whatever was undefined.

Missing character: There is no [ in font nullfont!
Missing character: There is no h in font nullfont!
Missing character: There is no e in font nullfont!
Missing character: There is no i in font nullfont!
Missing character: There is no g in font nullfont!
Missing character: There is no h in font nullfont!
Missing character: There is no t in font nullfont!
Missing character: There is no = in font nullfont!
Missing character: There is no 1 in font nullfont!
Missing character: There is no 4 in font nullfont!
Missing character: There is no m in font nullfont!
Missing character: There is no m in font nullfont!
Missing character: There is no , in font nullfont!
Missing character: There is no k in font nullfont!
Missing character: There is no e in font nullfont!
Missing character: There is no e in font nullfont!
Missing character: There is no p in font nullfont!
Missing character: There is no a in font nullfont!
Missing character: There is no s in font nullfont!
Missing character: There is no p in font nullfont!
Missing character: There is no e in font nullfont!
Missing character: There is no c in font nullfont!
Missing character: There is no t in font nullfont!
Missing character: There is no r in font nullfont!
Missing character: There is no a in font nullfont!
Missing character: There is no t in font nullfont!
Missing character: There is no i in font nullfont!
Missing character: There is no o in font nullfont!
Missing character: There is no = in font nullfont!
Missing character: There is no t in font nullfont!
Missing character: There is no r in font nullfont!
Missing character: There is no u in font nullfont!
Missing character: There is no e in font nullfont!
Missing character: There is no ] in font nullfont!
Missing character: There is no A in font nullfont!
Missing character: There is no b in font nullfont!
Missing character: There is no b in font nullfont!
Missing character: There is no i in font nullfont!
Missing character: There is no l in font nullfont!
Missing character: There is no d in font nullfont!
Missing character: There is no u in font nullfont!
Missing character: There is no n in font nullfont!
Missing character: There is no g in font nullfont!
Missing character: There is no e in font nullfont!
Missing character: There is no n in font nullfont!
Missing character: There is no / in font nullfont!
Missing character: There is no L in font nullfont!
Missing character: There is no L in font nullfont!
Missing character: There is no S in font nullfont!
! Missing $ inserted.
<inserted text> 
                $
l.11 ...mm, keepaspectratio=true]{Abbildungen/LLS_
                                                  Logo_deu_engl.pdf}
I've inserted a begin-math/end-math symbol since I think
you left one out. Proceed, with fingers crossed.

LaTeX Font Info:    External font `cmex10' loaded for size
(Font)              <7> on input line 11.
LaTeX Font Info:    External font `cmex10' loaded for size
(Font)              <5> on input line 11.
! Extra }, or forgotten $.
l.11 ...o=true]{Abbildungen/LLS_Logo_deu_engl.pdf}
                                                  
I've deleted a group-closing symbol because it seems to be
spurious, as in `$x}$'. But perhaps the } is legitimate and
you forgot something else, as in `\hbox{$x}'. In such cases
the way to recover is to insert both the forgotten and the
deleted material, e.g., by typing `I$}'.


! LaTeX Error: \begin{document} ended by \end{textblock*}.

See the LaTeX manual or LaTeX Companion for explanation.
Type  H <return>  for immediate help.
 ...                                              
                                                  
l.12 \end{textblock*}
                     
Your command was ignored.
Type  I <command> <return>  to replace it with another command,
or  <return>  to continue without it.

! Missing $ inserted.
<inserted text> 
                $
l.12 \end{textblock*}
                     
I've inserted something that you may have forgotten.
(See the <inserted text> above.)
With luck, this will get me unwedged. But if you
really didn't forget anything, try typing `2' now; then
my insertion and my current dilemma will both disappear.

! Missing } inserted.
<inserted text> 
                }
l.12 \end{textblock*}
                     
I've inserted something that you may have forgotten.
(See the <inserted text> above.)
With luck, this will get me unwedged. But if you
really didn't forget anything, try typing `2' now; then
my insertion and my current dilemma will both disappear.


Overfull \hbox (71.77777pt too wide) in paragraph at lines 10--13
[]\OML/cmm/m/it/10 ogo[]eu[]ngl:pdf$ 
 []


! LaTeX Error: Environment textblock* undefined.

See the LaTeX manual or LaTeX Companion for explanation.
Type  H <return>  for immediate help.
 ...                                              
                                                  
l.14 \begin{textblock*}
                       {19mm}(145mm,-23.5mm)
Your command was ignored.
Type  I <command> <return>  to replace it with another command,
or  <return>  to continue without it.


! LaTeX Error: Missing \begin{document}.

See the LaTeX manual or LaTeX Companion for explanation.
Type  H <return>  for immediate help.
 ...                                              
                                                  
l.14 \begin{textblock*}{1
                         9mm}(145mm,-23.5mm)
You're in trouble here.  Try typing  <return>  to proceed.
If that doesn't work, type  X <return>  to quit.

Missing character: There is no 1 in font nullfont!
Missing character: There is no 9 in font nullfont!
Missing character: There is no m in font nullfont!
Missing character: There is no m in font nullfont!
Missing character: There is no ( in font nullfont!
Missing character: There is no 1 in font nullfont!
Missing character: There is no 4 in font nullfont!
Missing character: There is no 5 in font nullfont!
Missing character: There is no m in font nullfont!
Missing character: There is no m in font nullfont!
Missing character: There is no , in font nullfont!
Missing character: There is no - in font nullfont!
Missing character: There is no 2 in font nullfont!
Missing character: There is no 3 in font nullfont!
Missing character: There is no . in font nullfont!
Missing character: There is no 5 in font nullfont!
Missing character: There is no m in font nullfont!
Missing character: There is no m in font nullfont!
Missing character: There is no ) in font nullfont!
! Undefined control sequence.
l.15 \includegraphics
                     [height = 12mm, keepaspectratio=true]{Abbildungen/Unive...
The control sequence at the end of the top line
of your error message was never \def'ed. If you have
misspelled it (e.g., `\hobx'), type `I' and the correct
spelling (e.g., `I\hbox'). Otherwise just continue,
and I'll forget about whatever was undefined.

Missing character: There is no [ in font nullfont!
Missing character: There is no h in font nullfont!
Missing character: There is no e in font nullfont!
Missing character: There is no i in font nullfont!
Missing character: There is no g in font nullfont!
Missing character: There is no h in font nullfont!
Missing character: There is no t in font nullfont!
Missing character: There is no = in font nullfont!
Missing character: There is no 1 in font nullfont!
Missing character: There is no 2 in font nullfont!
Missing character: There is no m in font nullfont!
Missing character: There is no m in font nullfont!
Missing character: There is no , in font nullfont!
Missing character: There is no k in font nullfont!
Missing character: There is no e in font nullfont!
Missing character: There is no e in font nullfont!
Missing character: There is no p in font nullfont!
Missing character: There is no a in font nullfont!
Missing character: There is no s in font nullfont!
Missing character: There is no p in font nullfont!
Missing character: There is no e in font nullfont!
Missing character: There is no c in font nullfont!
Missing character: There is no t in font nullfont!
Missing character: There is no r in font nullfont!
Missing character: There is no a in font nullfont!
Missing character: There is no t in font nullfont!
Missing character: There is no i in font nullfont!
Missing character: There is no o in font nullfont!
Missing character: There is no = in font nullfont!
Missing character: There is no t in font nullfont!
Missing character: There is no r in font nullfont!
Missing character: There is no u in font nullfont!
Missing character: There is no e in font nullfont!
Missing character: There is no ] in font nullfont!
Missing character: There is no A in font nullfont!
Missing character: There is no b in font nullfont!
Missing character: There is no b in font nullfont!
Missing character: There is no i in font nullfont!
Missing character: There is no l in font nullfont!
Missing character: There is no d in font nullfont!
Missing character: There is no u in font nullfont!
Missing character: There is no n in font nullfont!
Missing character: There is no g in font nullfont!
Missing character: There is no e in font nullfont!
Missing character: There is no n in font nullfont!
Missing character: There is no / in font nullfont!
Missing character: There is no U in font nullfont!
Missing character: There is no n in font nullfont!
Missing character: There is no i in font nullfont!
Missing character: There is no v in font nullfont!
Missing character: There is no e in font nullfont!
Missing character: There is no r in font nullfont!
Missing character: There is no s in font nullfont!
Missing character: There is no i in font nullfont!
Missing character: There is no t in font nullfont!
Missing character: There is no a in font nullfont!
Missing character: There is no e in font nullfont!
Missing character: There is no t in font nullfont!
! Missing $ inserted.
<inserted text> 
                $
l.15 ...spectratio=true]{Abbildungen/Universitaet_
                                                  Logo_RGB.pdf}
I've inserted a begin-math/end-math symbol since I think
you left one out. Proceed, with fingers crossed.

! Extra }, or forgotten $.
l.15 ...ue]{Abbildungen/Universitaet_Logo_RGB.pdf}
                                                  
I've deleted a group-closing symbol because it seems to be
spurious, as in `$x}$'. But perhaps the } is legitimate and
you forgot something else, as in `\hbox{$x}'. In such cases
the way to recover is to insert both the forgotten and the
deleted material, e.g., by typing `I$}'.


! LaTeX Error: \begin{document} ended by \end{textblock*}.

See the LaTeX manual or LaTeX Companion for explanation.
Type  H <return>  for immediate help.
 ...                                              
                                                  
l.16 \end{textblock*}
                     
Your command was ignored.
Type  I <command> <return>  to replace it with another command,
or  <return>  to continue without it.

! Missing $ inserted.
<inserted text> 
                $
l.16 \end{textblock*}
                     
I've inserted something that you may have forgotten.
(See the <inserted text> above.)
With luck, this will get me unwedged. But if you
really didn't forget anything, try typing `2' now; then
my insertion and my current dilemma will both disappear.

! Missing } inserted.
<inserted text> 
                }
l.16 \end{textblock*}
                     
I've inserted something that you may have forgotten.
(See the <inserted text> above.)
With luck, this will get me unwedged. But if you
really didn't forget anything, try typing `2' now; then
my insertion and my current dilemma will both disappear.


Overfull \hbox (60.63794pt too wide) in paragraph at lines 14--17
[]\OML/cmm/m/it/10 ogo[]GB:pdf$ 
 []


! LaTeX Error: Environment textblock* undefined.

See the LaTeX manual or LaTeX Companion for explanation.
Type  H <return>  for immediate help.
 ...                                              
                                                  
l.18 \begin{textblock*}
                       {\textwidth}[0,0](0cm, 1cm)%
Your command was ignored.
Type  I <command> <return>  to replace it with another command,
or  <return>  to continue without it.

! Missing number, treated as zero.
<to be read again> 
                   }
l.18 \begin{textblock*}{\textwidth}
                                   [0,0](0cm, 1cm)%
A number should have been here; I inserted `0'.
(If you can't figure out why I needed to see a number,
look up `weird error' in the index to The TeXbook.)

! Illegal unit of measure (pt inserted).
<to be read again> 
                   }
l.18 \begin{textblock*}{\textwidth}
                                   [0,0](0cm, 1cm)%
Dimensions can be in units of em, ex, in, pt, pc,
cm, mm, dd, cc, nd, nc, bp, or sp; but yours is a new one!
I'll assume that you meant to say pt, for printer's points.
To recover gracefully from this error, it's best to
delete the erroneous units; e.g., type `2' to delete
two letters. (See Chapter 27 of The TeXbook.)


! LaTeX Error: Missing \begin{document}.

See the LaTeX manual or LaTeX Companion for explanation.
Type  H <return>  for immediate help.
 ...                                              
                                                  
l.18 \begin{textblock*}{\textwidth}[
                                    0,0](0cm, 1cm)%
You're in trouble here.  Try typing  <return>  to proceed.
If that doesn't work, type  X <return>  to quit.

Missing character: There is no [ in font nullfont!
Missing character: There is no 0 in font nullfont!
Missing character: There is no , in font nullfont!
Missing character: There is no 0 in font nullfont!
Missing character: There is no ] in font nullfont!
Missing character: There is no ( in font nullfont!
Missing character: There is no 0 in font nullfont!
Missing character: There is no c in font nullfont!
Missing character: There is no m in font nullfont!
Missing character: There is no , in font nullfont!
Missing character: There is no 1 in font nullfont!
Missing character: There is no c in font nullfont!
Missing character: There is no m in font nullfont!
Missing character: There is no ) in font nullfont!

LaTeX Font Warning: Font shape `OT1/cmr/m/n' in size <24> not available
(Font)              size <24.88> substituted on input line 19.


LaTeX Font Warning: Font shape `OT1/cmr/bx/n' in size <24> not available
(Font)              size <24.88> substituted on input line 19.


Overfull \hbox (36.57127pt too wide) in paragraph at lines 18--20
\OT1/cmr/bx/n/24.88 Ti-
 []


Overfull \hbox (31.43115pt too wide) in paragraph at lines 18--20
\OT1/cmr/bx/n/24.88 tle
 []


Overfull \hbox (22.54749pt too wide) in paragraph at lines 18--20
\OT1/cmr/bx/n/24.88 of
 []


Overfull \hbox (57.11745pt too wide) in paragraph at lines 18--20
\OT1/cmr/bx/n/24.88 The-
 []


Overfull \hbox (29.85605pt too wide) in paragraph at lines 18--20
\OT1/cmr/bx/n/24.88 sis 
 []


! LaTeX Error: Missing \begin{document}.

See the LaTeX manual or LaTeX Companion for explanation.
Type  H <return>  for immediate help.
 ...                                              
                                                  
l.22 ...}{22pt}\selectfont\textbf{Bachelor Thesis}
                                                  }
You're in trouble here.  Try typing  <return>  to proceed.
If that doesn't work, type  X <return>  to quit.


! LaTeX Error: \begin{document} ended by \end{textblock*}.

See the LaTeX manual or LaTeX Companion for explanation.
Type  H <return>  for immediate help.
 ...                                              
                                                  
l.23 \end{textblock*}
                     
Your command was ignored.
Type  I <command> <return>  to replace it with another command,
or  <return>  to continue without it.


Overfull \hbox (61.74992pt too wide) in paragraph at lines 22--24
[]\OT1/cmr/bx/n/14.4 Bachelor
 []


Overfull \hbox (33.05829pt too wide) in paragraph at lines 22--24
\OT1/cmr/bx/n/14.4 The-
 []


Overfull \hbox (17.28001pt too wide) in paragraph at lines 22--24
\OT1/cmr/bx/n/14.4 sis
 []


LaTeX Font Warning: Font shape `OT1/cmr/m/n' in size <15> not available
(Font)              size <14.4> substituted on input line 26.


! LaTeX Error: Missing \begin{document}.

See the LaTeX manual or LaTeX Companion for explanation.
Type  H <return>  for immediate help.
 ...                                              
                                                  
l.27 S
      ubmitted in partial fulfillment of the requirements for the degree\\
You're in trouble here.  Try typing  <return>  to proceed.
If that doesn't work, type  X <return>  to quit.


Overfull \hbox (64.23253pt too wide) in paragraph at lines 27--30
[]\OT1/cmr/m/n/14.4 Submitted
 []


Overfull \hbox (11.74985pt too wide) in paragraph at lines 27--30
\OT1/cmr/m/n/14.4 in
 []


Overfull \hbox (25.06635pt too wide) in paragraph at lines 27--30
\OT1/cmr/m/n/14.4 par-
 []


Overfull \hbox (20.3664pt too wide) in paragraph at lines 27--30
\OT1/cmr/m/n/14.4 tial
 []


Overfull \hbox (20.75806pt too wide) in paragraph at lines 27--30
\OT1/cmr/m/n/14.4 ful-
 []


Overfull \hbox (20.3664pt too wide) in paragraph at lines 27--30
\OT1/cmr/m/n/14.4 fill-
 []


Overfull \hbox (30.94128pt too wide) in paragraph at lines 27--30
\OT1/cmr/m/n/14.4 ment
 []


Overfull \hbox (11.35818pt too wide) in paragraph at lines 27--30
\OT1/cmr/m/n/14.4 of
 []


Overfull \hbox (19.58308pt too wide) in paragraph at lines 27--30
\OT1/cmr/m/n/14.4 the
 []


Overfull \hbox (16.44978pt too wide) in paragraph at lines 27--30
\OT1/cmr/m/n/14.4 re-
 []


Overfull \hbox (35.6412pt too wide) in paragraph at lines 27--30
\OT1/cmr/m/n/14.4 quire-
 []


Overfull \hbox (36.50288pt too wide) in paragraph at lines 27--30
\OT1/cmr/m/n/14.4 ments
 []


Overfull \hbox (16.84145pt too wide) in paragraph at lines 27--30
\OT1/cmr/m/n/14.4 for
 []


Overfull \hbox (19.58308pt too wide) in paragraph at lines 27--30
\OT1/cmr/m/n/14.4 the
 []


Overfull \hbox (18.79976pt too wide) in paragraph at lines 27--30
\OT1/cmr/m/n/14.4 de-
 []


Overfull \hbox (25.06635pt too wide) in paragraph at lines 27--30
\OT1/cmr/m/n/14.4 gree 
 []


Overfull \hbox (31.91794pt too wide) in paragraph at lines 27--30
\OT1/cmr/m/n/14.4 B.Sc.
 []


Overfull \hbox (23.88638pt too wide) in paragraph at lines 27--30
\OT1/cmr/m/n/14.4 Me-
 []


Overfull \hbox (33.29124pt too wide) in paragraph at lines 27--30
\OT1/cmr/m/n/14.4 chan-
 []


Overfull \hbox (8.61655pt too wide) in paragraph at lines 27--30
\OT1/cmr/m/n/14.4 i-
 []


Overfull \hbox (17.23311pt too wide) in paragraph at lines 27--30
\OT1/cmr/m/n/14.4 cal
 []


Overfull \hbox (22.1264pt too wide) in paragraph at lines 27--30
\OT1/cmr/m/n/14.4 En-
 []


Overfull \hbox (15.66646pt too wide) in paragraph at lines 27--30
\OT1/cmr/m/n/14.4 gi-
 []


Overfull \hbox (30.5496pt too wide) in paragraph at lines 27--30
\OT1/cmr/m/n/14.4 neer-
 []


Overfull \hbox (18.79976pt too wide) in paragraph at lines 27--30
\OT1/cmr/m/n/14.4 ing
 []


Overfull \hbox (12.53317pt too wide) in paragraph at lines 27--30
\OT1/cmr/m/n/14.4 at
 []


Overfull \hbox (19.58308pt too wide) in paragraph at lines 27--30
\OT1/cmr/m/n/14.4 the
 []


Overfull \hbox (21.73474pt too wide) in paragraph at lines 27--30
\OT1/cmr/m/n/14.4 De-
 []


Overfull \hbox (30.5496pt too wide) in paragraph at lines 27--30
\OT1/cmr/m/n/14.4 part-
 []


Overfull \hbox (30.94128pt too wide) in paragraph at lines 27--30
\OT1/cmr/m/n/14.4 ment
 []


Overfull \hbox (11.35818pt too wide) in paragraph at lines 27--30
\OT1/cmr/m/n/14.4 of
 []


Overfull \hbox (23.88638pt too wide) in paragraph at lines 27--30
\OT1/cmr/m/n/14.4 Me-
 []


Overfull \hbox (33.29124pt too wide) in paragraph at lines 27--30
\OT1/cmr/m/n/14.4 chan-
 []


Overfull \hbox (8.61655pt too wide) in paragraph at lines 27--30
\OT1/cmr/m/n/14.4 i-
 []


Overfull \hbox (17.23311pt too wide) in paragraph at lines 27--30
\OT1/cmr/m/n/14.4 cal
 []


Overfull \hbox (22.1264pt too wide) in paragraph at lines 27--30
\OT1/cmr/m/n/14.4 En-
 []


Overfull \hbox (15.66646pt too wide) in paragraph at lines 27--30
\OT1/cmr/m/n/14.4 gi-
 []


Overfull \hbox (30.5496pt too wide) in paragraph at lines 27--30
\OT1/cmr/m/n/14.4 neer-
 []


Overfull \hbox (18.79976pt too wide) in paragraph at lines 27--30
\OT1/cmr/m/n/14.4 ing 
 []


Overfull \hbox (11.35818pt too wide) in paragraph at lines 27--30
\OT1/cmr/m/n/14.4 of
 []


Overfull \hbox (19.58308pt too wide) in paragraph at lines 27--30
\OT1/cmr/m/n/14.4 the
 []


Overfull \hbox (33.6829pt too wide) in paragraph at lines 27--30
\OT1/cmr/m/n/14.4 Tech-
 []


Overfull \hbox (16.44978pt too wide) in paragraph at lines 27--30
\OT1/cmr/m/n/14.4 ni-
 []


Overfull \hbox (17.23311pt too wide) in paragraph at lines 27--30
\OT1/cmr/m/n/14.4 cal
 []


Overfull \hbox (27.01968pt too wide) in paragraph at lines 27--30
\OT1/cmr/m/n/14.4 Uni-
 []


Overfull \hbox (23.4997pt too wide) in paragraph at lines 27--30
\OT1/cmr/m/n/14.4 ver-
 []


Overfull \hbox (22.01138pt too wide) in paragraph at lines 27--30
\OT1/cmr/m/n/14.4 sity
 []


Overfull \hbox (11.35818pt too wide) in paragraph at lines 27--30
\OT1/cmr/m/n/14.4 of
 []


Overfull \hbox (25.45303pt too wide) in paragraph at lines 27--30
\OT1/cmr/m/n/14.4 Mu-
 []


Overfull \hbox (29.37462pt too wide) in paragraph at lines 27--30
\OT1/cmr/m/n/14.4 nich. 
 []


Underfull \vbox (badness 10000) has occurred while \output is active []



! LaTeX Error: The font size command \normalsize is not defined:
               there is probably something wrong with the class file.

See the LaTeX manual or LaTeX Companion for explanation.
Type  H <return>  for immediate help.
 ...                                              
                                                  
l.30 
     
Your command was ignored.
Type  I <command> <return>  to replace it with another command,
or  <return>  to continue without it.

[1{/var/lib/texmf/fonts/map/pdftex/updmap/pdftex.map}]

! LaTeX Error: The font size command \normalsize is not defined:
               there is probably something wrong with the class file.

See the LaTeX manual or LaTeX Companion for explanation.
Type  H <return>  for immediate help.
 ...                                              
                                                  
l.32 \normalsize
                \selectfont
Your command was ignored.
Type  I <command> <return>  to replace it with another command,
or  <return>  to continue without it.


! LaTeX Error: Missing \begin{document}.

See the LaTeX manual or LaTeX Companion for explanation.
Type  H <return>  for immediate help.
 ...                                              
                                                  
l.34 \textbf{Supervised by}
                           \tab
You're in trouble here.  Try typing  <return>  to proceed.
If that doesn't work, type  X <return>  to quit.


LaTeX Font Warning: Font shape `OT1/cmr/bx/n' in size <15> not available
(Font)              size <14.4> substituted on input line 34.

! Undefined control sequence.
<recently read> \tab 
                     
l.34 \textbf{Supervised by}\tab
                               
The control sequence at the end of the top line
of your error message was never \def'ed. If you have
misspelled it (e.g., `\hobx'), type `I' and the correct
spelling (e.g., `I\hbox'). Otherwise just continue,
and I'll forget about whatever was undefined.


Overfull \hbox (77.28992pt too wide) in paragraph at lines 34--40
[]\OT1/cmr/bx/n/14.4 Supervised
 []


Overfull \hbox (8209.32494pt too wide) in paragraph at lines 34--40
\OT1/cmr/bx/n/14.4 by[] 
 []


! LaTeX Error: Missing \begin{document}.

See the LaTeX manual or LaTeX Companion for explanation.
Type  H <return>  for immediate help.
 ...                                              
                                                  
l.42 \textbf{Submitted by}
                          \tab
You're in trouble here.  Try typing  <return>  to proceed.
If that doesn't work, type  X <return>  to quit.

! Undefined control sequence.
<recently read> \tab 
                     
l.42 \textbf{Submitted by}\tab
                              
The control sequence at the end of the top line
of your error message was never \def'ed. If you have
misspelled it (e.g., `\hobx'), type `I' and the correct
spelling (e.g., `I\hbox'). Otherwise just continue,
and I'll forget about whatever was undefined.


Overfull \hbox (73.99155pt too wide) in paragraph at lines 42--47
[]\OT1/cmr/bx/n/14.4 Submitted
 []


Overfull \hbox (8209.32494pt too wide) in paragraph at lines 42--47
\OT1/cmr/bx/n/14.4 by[] 
 []


! LaTeX Error: Missing \begin{document}.

See the LaTeX manual or LaTeX Companion for explanation.
Type  H <return>  for immediate help.
 ...                                              
                                                  
l.49 \textbf{Submitted on}
                          \tab
You're in trouble here.  Try typing  <return>  to proceed.
If that doesn't work, type  X <return>  to quit.

! Undefined control sequence.
<recently read> \tab 
                     
l.49 \textbf{Submitted on}\tab
                              
The control sequence at the end of the top line
of your error message was never \def'ed. If you have
misspelled it (e.g., `\hobx'), type `I' and the correct
spelling (e.g., `I\hbox'). Otherwise just continue,
and I'll forget about whatever was undefined.

! Undefined control sequence.
l.51 \today
           \strut
The control sequence at the end of the top line
of your error message was never \def'ed. If you have
misspelled it (e.g., `\hobx'), type `I' and the correct
spelling (e.g., `I\hbox'). Otherwise just continue,
and I'll forget about whatever was undefined.


Overfull \hbox (73.99155pt too wide) in paragraph at lines 49--53
[]\OT1/cmr/bx/n/14.4 Submitted
 []


Overfull \hbox (8209.09996pt too wide) in paragraph at lines 49--53
\OT1/cmr/bx/n/14.4 on[] 
 []


! LaTeX Error: Missing \begin{document}.

See the LaTeX manual or LaTeX Companion for explanation.
Type  H <return>  for immediate help.
 ...                                              
                                                  
l.55 \textbf{Sequential number}
                               \tab
You're in trouble here.  Try typing  <return>  to proceed.
If that doesn't work, type  X <return>  to quit.

! Undefined control sequence.
<recently read> \tab 
                     
l.55 \textbf{Sequential number}\tab
                                   
The control sequence at the end of the top line
of your error message was never \def'ed. If you have
misspelled it (e.g., `\hobx'), type `I' and the correct
spelling (e.g., `I\hbox'). Otherwise just continue,
and I'll forget about whatever was undefined.


Overfull \hbox (73.0582pt too wide) in paragraph at lines 55--59
[]\OT1/cmr/bx/n/14.4 Sequential
 []


Overfull \hbox (36.44994pt too wide) in paragraph at lines 55--59
\OT1/cmr/bx/n/14.4 num-
 []


Overfull \hbox (8215.4583pt too wide) in paragraph at lines 55--59
\OT1/cmr/bx/n/14.4 ber[] 
 []

! Undefined control sequence.
l.60 \restoregeometry
                     
The control sequence at the end of the top line
of your error message was never \def'ed. If you have
misspelled it (e.g., `\hobx'), type `I' and the correct
spelling (e.g., `I\hbox'). Otherwise just continue,
and I'll forget about whatever was undefined.

)
! Emergency stop.
<*> Titelseite_eng.tex
                      
*** (job aborted, no legal \end found)

 
Here is how much of TeX's memory you used:
 36 strings out of 483107
 664 string characters out of 5964630
 233847 words of memory out of 5000000
 15157 multiletter control sequences out of 15000+600000
 533549 words of font info for 28 fonts, out of 8000000 for 9000
 59 hyphenation exceptions out of 8191
 18i,4n,15p,130b,122s stack positions out of 5000i,500n,10000p,200000b,80000s
!  ==> Fatal error occurred, no output PDF file produced!
